Operating system: Microsoft Windows NT 6.2.9200.0
Opening INI file "C:\Users\legod\Documents\Sonic-2-Split-And-Text-Disasm\SonLVL INI Files\SonLVL.ini"...
Game type is S2.
Loading Emerald Hill Zone Act 1...
Loading palette file "../art/palettes/SonicAndTails.bin"...
Source: 0 Destination: 0 Length: 16
Loading palette file "../art/palettes/EHZ.bin"...
Source: 0 Destination: 16 Length: 48
Loading 16x16 blocks from file "../mappings/16x16/EHZ.bin", using compression Kosinski...
Loading 128x128 chunks from file "../mappings/128x128/EHZ_HTZ.bin", using compression Kosinski...
Loading 8x8 tiles from file "../art/kosinski/EHZ_HTZ.bin", using compression Kosinski...
Layout file "../level/layout/EHZ_1.bin" not found.
Layout file "../level/layout/EHZ_2.bin" not found.
Layout file "../level/layout/HTZ_1.bin" not found.
Layout file "../level/layout/HTZ_2.bin" not found.
Loading object definition file "obj.ini".
Loading object definition file "objEHZ.ini".
Loading ObjectDefinition type S2ObjectDefinitions.Common.PathSwapper from "Common\PathSwapper.cs"...
Loading type from cached assembly "dllcache\S2ObjectDefinitions.Common.PathSwapper.dll"...
Loading ObjectDefinition type S2ObjectDefinitions.Common.InvisibleBlock from "Common\InvisibleBlock.cs"...
Loading type from cached assembly "dllcache\S2ObjectDefinitions.Common.InvisibleBlock.dll"...
Loading ObjectDefinition type S2ObjectDefinitions.EHZ.TwistingPathway from "EHZ\TwistingPathway.cs"...
Loading type from cached assembly "dllcache\S2ObjectDefinitions.EHZ.TwistingPathway.dll"...
Loading ObjectDefinition type S2ObjectDefinitions.EHZ.Bridge from "EHZ\Bridge.cs"...
Compiling code file...
Loading type from cached assembly "dllcache\S2ObjectDefinitions.Common.Spikes.dll"...
Compile succeeded.
System.AggregateException: One or more errors occurred. ---> System.ArgumentException: Source array was not long enough. Check srcIndex and length, and the array's lower bounds.
   at System.Array.Copy(Array sourceArray, Int32 sourceIndex, Array destinationArray, Int32 destinationIndex, Int32 length, Boolean reliable)
   at SonicRetro.SonLVL.API.ByteConverter.ToUInt16(Byte[] value, Int32 startIndex) in E:\Programs\SonLVL\SonLVLAPI\ByteConverter.cs:line 53
   at SonicRetro.SonLVL.API.MappingsFrame..ctor(Byte[] file, Int32 address, EngineVersion version, String name) in E:\Programs\SonLVL\SonLVLAPI\DataTypes.cs:line 1424
   at SonicRetro.SonLVL.API.ObjectHelper.MapASMToBmp(Byte[] artfile, String mapfileloc, String label, Int32 startpal, Boolean priority, EngineVersion version) in E:\Programs\SonLVL\SonLVLAPI\ObjectHelper.cs:line 37
   at SonicRetro.SonLVL.API.XMLObjectDefinition.Init(ObjectData data) in E:\Programs\SonLVL\SonLVLAPI\ObjectDefinition.cs:line 710
   at SonicRetro.SonLVL.API.LevelData.<>c__DisplayClass102_0.<InitObjectDefinitions>b__0(KeyValuePair`2 group) in E:\Programs\SonLVL\SonLVLAPI\LevelData.cs:line 1578
   at System.Threading.Tasks.Parallel.<>c__DisplayClass42_0`2.<PartitionerForEachWorker>b__1()
   at System.Threading.Tasks.Task.InnerInvoke()
   at System.Threading.Tasks.Task.InnerInvokeWithArg(Task childTask)
   at System.Threading.Tasks.Task.<>c__DisplayClass176_0.<ExecuteSelfReplicating>b__0(Object <p0>)
   --- End of inner exception stack trace ---
   at System.Threading.Tasks.Task.ThrowIfExceptional(Boolean includeTaskCanceledExceptions)
   at System.Threading.Tasks.Task.Wait(Int32 millisecondsTimeout, CancellationToken cancellationToken)
   at System.Threading.Tasks.Task.Wait()
   at System.Threading.Tasks.Parallel.PartitionerForEachWorker[TSource,TLocal](Partitioner`1 source, ParallelOptions parallelOptions, Action`1 simpleBody, Action`2 bodyWithState, Action`3 bodyWithStateAndIndex, Func`4 bodyWithStateAndLocal, Func`5 bodyWithEverything, Func`1 localInit, Action`1 localFinally)
   at System.Threading.Tasks.Parallel.ForEachWorker[TSource,TLocal](IEnumerable`1 source, ParallelOptions parallelOptions, Action`1 body, Action`2 bodyWithState, Action`3 bodyWithStateAndIndex, Func`4 bodyWithStateAndLocal, Func`5 bodyWithEverything, Func`1 localInit, Action`1 localFinally)
   at System.Threading.Tasks.Parallel.ForEach[TSource](IEnumerable`1 source, Action`1 body)
   at SonicRetro.SonLVL.API.LevelData.InitObjectDefinitions() in E:\Programs\SonLVL\SonLVLAPI\LevelData.cs:line 1505
   at SonicRetro.SonLVL.API.LevelData.LoadLevel(String levelname, Boolean loadGraphics) in E:\Programs\SonLVL\SonLVLAPI\LevelData.cs:line 319
   at SonicRetro.SonLVL.GUI.MainForm.backgroundLevelLoader_DoWork(Object sender, DoWorkEventArgs e) in E:\Programs\SonLVL\SonLVL\MainForm.cs:line 574
---> (Inner Exception #0) System.ArgumentException: Source array was not long enough. Check srcIndex and length, and the array's lower bounds.
   at System.Array.Copy(Array sourceArray, Int32 sourceIndex, Array destinationArray, Int32 destinationIndex, Int32 length, Boolean reliable)
   at SonicRetro.SonLVL.API.ByteConverter.ToUInt16(Byte[] value, Int32 startIndex) in E:\Programs\SonLVL\SonLVLAPI\ByteConverter.cs:line 53
   at SonicRetro.SonLVL.API.MappingsFrame..ctor(Byte[] file, Int32 address, EngineVersion version, String name) in E:\Programs\SonLVL\SonLVLAPI\DataTypes.cs:line 1424
   at SonicRetro.SonLVL.API.ObjectHelper.MapASMToBmp(Byte[] artfile, String mapfileloc, String label, Int32 startpal, Boolean priority, EngineVersion version) in E:\Programs\SonLVL\SonLVLAPI\ObjectHelper.cs:line 37
   at SonicRetro.SonLVL.API.XMLObjectDefinition.Init(ObjectData data) in E:\Programs\SonLVL\SonLVLAPI\ObjectDefinition.cs:line 710
   at SonicRetro.SonLVL.API.LevelData.<>c__DisplayClass102_0.<InitObjectDefinitions>b__0(KeyValuePair`2 group) in E:\Programs\SonLVL\SonLVLAPI\LevelData.cs:line 1578
   at System.Threading.Tasks.Parallel.<>c__DisplayClass42_0`2.<PartitionerForEachWorker>b__1()
   at System.Threading.Tasks.Task.InnerInvoke()
   at System.Threading.Tasks.Task.InnerInvokeWithArg(Task childTask)
   at System.Threading.Tasks.Task.<>c__DisplayClass176_0.<ExecuteSelfReplicating>b__0(Object <p0>)<---

